2023-08-10 17:55:03,793 INFO  [Log] ****************           -S-T-A-R-T-TestCheck1       **************** 
2023-08-10 17:55:04,097 INFO  [Log] I am Logging in.... 
2023-08-10 17:55:20,615 INFO  [Log] ****************           -S-T-A-R-T-TestCheck1       **************** 
2023-09-13 11:59:38,584 INFO  [Log] ****************           -S-T-A-R-T-TestCheck1       **************** 
2023-09-13 11:59:38,612 INFO  [Log] I am Logging in.... 
2023-09-13 11:59:50,220 INFO  [Log] ****************           -S-T-A-R-T-TestCheck1       **************** 
2023-09-13 12:03:53,491 INFO  [Log] ****************           -S-T-A-R-T-TestCheck1       **************** 
2023-09-13 12:03:53,763 INFO  [Log] I am Logging in.... 
2023-09-13 12:04:14,711 INFO  [Log] ****************           -S-T-A-R-T-TestCheck1       **************** 
2023-09-20 14:49:57,670 INFO  [Log] ****************           -S-T-A-R-T-TestCheck1       **************** 
2023-09-20 14:49:57,873 INFO  [Log] I am Logging in.... 
2023-09-21 17:24:39,811 INFO  [Log] ****************           -S-T-A-R-T-TestCheck1       **************** 
2023-09-21 17:24:39,839 INFO  [Log] I am Logging in.... 
2023-09-21 17:24:51,466 INFO  [Log] ****************           -S-T-A-R-T-TestCheck1       **************** 
2023-09-25 13:43:19,441 INFO  [Log] ****************           -S-T-A-R-T-TestCheck1       **************** 
2023-09-25 13:43:19,682 INFO  [Log] I am Logging in.... 
2023-09-25 13:43:31,602 INFO  [Log] ****************           -S-T-A-R-T-TestCheck1       **************** 
2023-10-06 10:15:05,821 INFO  [Log] ****************           -S-T-A-R-T-TestCheck1       **************** 
2023-10-06 10:15:06,028 INFO  [Log] I am Logging in.... 
2023-10-06 10:15:35,776 INFO  [Log] ****************           -S-T-A-R-T-TestCheck1       **************** 
2023-10-06 10:41:16,068 INFO  [Log] ****************           -S-T-A-R-T-TestCaseLogin       **************** 
2023-10-06 10:42:21,377 INFO  [Log] ****************           -S-T-A-R-T-TestCaseLogin       **************** 
2023-10-06 10:42:53,272 INFO  [Log] ****************           -S-T-A-R-T-TestCaseLogin       **************** 
2023-10-06 10:42:53,273 INFO  [Log] I am Logging in....... 
2023-10-06 10:43:05,230 INFO  [Log] I am DONE Logging in....... 
2023-10-06 10:46:11,811 INFO  [Log] ****************           -S-T-A-R-T-TestCaseLogin       **************** 
2023-10-06 10:47:05,933 INFO  [Log] ****************           -S-T-A-R-T-TestCaseLogin       **************** 
2023-10-06 10:47:35,463 INFO  [Log] ****************           -S-T-A-R-T-TestCaseLogin       **************** 
2023-10-06 10:47:35,464 INFO  [Log] I am Logging in....... 
2023-10-06 10:47:57,029 INFO  [Log] I am DONE Logging in....... 
2023-10-06 10:56:09,191 INFO  [Log] ****************           -S-T-A-R-T-TestCaseLogin       **************** 
2023-10-06 10:57:08,361 INFO  [Log] ****************           -S-T-A-R-T-TestCaseLogin       **************** 
2023-10-06 10:57:38,553 INFO  [Log] ****************           -S-T-A-R-T-TestCaseLogin       **************** 
2023-10-06 10:57:38,554 INFO  [Log] I am Logging in....... 
2023-10-06 10:57:50,682 INFO  [Log] I am DONE Logging in....... 
2023-10-06 11:16:03,799 INFO  [Log] ****************           -S-T-A-R-T-TestCaseLogin       **************** 
2023-10-06 11:17:05,338 INFO  [Log] ****************           -S-T-A-R-T-TestCaseLogin       **************** 
2023-10-06 11:17:33,280 INFO  [Log] ****************           -S-T-A-R-T-TestCaseLogin       **************** 
2023-10-06 11:17:33,280 INFO  [Log] I am Logging in....... 
2023-10-06 11:17:55,094 INFO  [Log] I am DONE Logging in....... 
2023-10-06 12:22:18,924 INFO  [Log] ****************           -S-T-A-R-T-TestCaseLogin       **************** 
2023-10-06 12:23:21,099 INFO  [Log] ****************           -S-T-A-R-T-TestCaseLogin       **************** 
2023-10-06 12:23:49,155 INFO  [Log] ****************           -S-T-A-R-T-TestCaseLogin       **************** 
2023-10-06 12:23:49,155 INFO  [Log] I am Logging in....... 
2023-10-06 12:24:13,760 INFO  [Log] I am DONE Logging in....... 
2023-10-06 12:31:00,112 INFO  [Log] ****************           -S-T-A-R-T-TestCheck1       **************** 
2023-10-06 12:31:00,144 INFO  [Log] I am Logging in.... 
2023-10-06 12:31:01,061 INFO  [Log] Now,I am logged in 
2023-10-06 12:31:07,699 INFO  [Log] ****************           -S-T-A-R-T-TestCheck1       **************** 
2023-10-06 14:22:34,750 INFO  [Log] ****************           -S-T-A-R-T-TestCheck1       **************** 
2023-10-06 14:22:34,781 INFO  [Log] I am Logging in.... 
2023-10-06 14:22:35,655 INFO  [Log] Now,I am logged in 
2023-10-06 14:22:43,848 INFO  [Log] ****************           -S-T-A-R-T-TestCheck1       **************** 
2023-10-10 13:01:36,158 INFO  [Log] ****************           -S-T-A-R-T-TestCheck1       **************** 
2023-10-10 13:01:36,342 INFO  [Log] I am Logging in.... 
2023-10-10 13:01:37,140 INFO  [Log] Now,I am logged in 
2023-10-10 13:01:46,105 INFO  [Log] ****************           -S-T-A-R-T-TestCheck1       **************** 
2023-10-10 13:06:48,133 INFO  [Log] ****************           -S-T-A-R-T-TestCheck1       **************** 
2023-10-10 13:06:48,163 INFO  [Log] I am Logging in.... 
2023-10-10 13:06:49,039 INFO  [Log] Now,I am logged in 
2023-10-10 13:06:57,240 INFO  [Log] ****************           -S-T-A-R-T-TestCheck1       **************** 
2024-02-02 16:35:11,540 INFO  [Log] ****************           -S-T-A-R-T-TestCheck1       **************** 
2024-02-02 16:35:11,555 INFO  [Log] I am Logging in.... 
2024-02-02 16:35:12,034 INFO  [Log] Now,I am logged in 
2024-02-02 16:35:14,715 INFO  [Log] ****************           -S-T-A-R-T-TestCheck1       **************** 
2024-02-02 16:35:14,718 INFO  [Log] I am Logging in.... 
2024-02-02 16:35:16,315 INFO  [Log] Now,I am logged in 
2024-02-02 16:35:16,978 INFO  [Log] ****************           -S-T-A-R-T-TestCheck1       **************** 
2024-02-02 16:35:23,002 INFO  [Log] ****************           -S-T-A-R-T-TestCheck1       **************** 
2024-02-02 16:38:13,685 INFO  [Log] ****************           -S-T-A-R-T-TestCheck1       **************** 
2024-02-02 16:38:13,693 INFO  [Log] I am Logging in.... 
2024-02-02 16:38:14,193 INFO  [Log] Now,I am logged in 
2024-02-02 16:38:17,050 INFO  [Log] ****************           -S-T-A-R-T-TestCheck1       **************** 
2024-02-02 16:38:17,053 INFO  [Log] I am Logging in.... 
2024-02-02 16:38:18,379 INFO  [Log] Now,I am logged in 
2024-02-02 16:38:19,100 INFO  [Log] ****************           -S-T-A-R-T-TestCheck1       **************** 
2024-02-02 16:38:25,873 INFO  [Log] ****************           -S-T-A-R-T-TestCheck1       **************** 
2024-02-02 16:42:40,710 INFO  [Log] ****************           -S-T-A-R-T-TestCheck1       **************** 
2024-02-02 16:42:40,720 INFO  [Log] I am Logging in.... 
2024-02-02 16:42:41,255 INFO  [Log] Now,I am logged in 
2024-02-02 16:42:44,037 INFO  [Log] ****************           -S-T-A-R-T-TestCheck1       **************** 
2024-02-02 16:42:44,040 INFO  [Log] I am Logging in.... 
2024-02-02 16:42:45,686 INFO  [Log] Now,I am logged in 
2024-02-02 16:42:46,232 INFO  [Log] ****************           -S-T-A-R-T-TestCheck1       **************** 
2024-02-02 16:42:52,773 INFO  [Log] ****************           -S-T-A-R-T-TestCheck1       **************** 
2024-02-02 17:03:59,826 INFO  [Log] ****************           -S-T-A-R-T-TestCheck1       **************** 
2024-02-02 17:03:59,836 INFO  [Log] I am Logging in.... 
2024-02-02 17:04:00,339 INFO  [Log] Now,I am logged in 
2024-02-02 17:04:02,936 INFO  [Log] ****************           -S-T-A-R-T-TestCheck1       **************** 
2024-02-02 17:04:02,939 INFO  [Log] I am Logging in.... 
2024-02-02 17:04:04,480 INFO  [Log] Now,I am logged in 
2024-02-02 17:04:05,241 INFO  [Log] ****************           -S-T-A-R-T-TestCheck1       **************** 
2024-02-02 17:04:11,005 INFO  [Log] ****************           -S-T-A-R-T-TestCheck1       **************** 
2024-03-05 17:03:22,245 INFO  [Log] ****************           -S-T-A-R-T-TestCheck1       **************** 
2024-03-05 17:03:22,249 INFO  [Log] I am Logging in.... 
2024-03-05 17:03:22,480 INFO  [Log] Now,I am logged in 
2024-03-05 17:03:24,723 INFO  [Log] ****************           -S-T-A-R-T-TestCheck1       **************** 
2024-03-05 17:03:25,634 INFO  [Log] ****************           -S-T-A-R-T-TestCheck1       **************** 
2024-03-05 17:03:25,634 INFO  [Log] I am Logging in.... 
2024-03-05 17:03:25,911 INFO  [Log] Now,I am logged in 
2024-03-05 17:03:29,164 INFO  [Log] ****************           -S-T-A-R-T-TestCheck1       **************** 
2024-03-13 15:38:32,448 INFO  [Log] ****************           -S-T-A-R-T-TestCheck1       **************** 
2024-03-13 15:38:32,456 INFO  [Log] I am Logging in.... 
2024-03-13 15:38:32,954 INFO  [Log] Now,I am logged in 
2024-03-13 15:38:37,445 INFO  [Log] ****************           -S-T-A-R-T-TestCheck1       **************** 
2024-03-13 15:39:06,125 INFO  [Log] ****************           -S-T-A-R-T-TestCheck1       **************** 
2024-03-13 15:39:06,127 INFO  [Log] I am Logging in.... 
2024-03-13 15:39:07,381 INFO  [Log] Now,I am logged in 
2024-03-13 15:39:13,702 INFO  [Log] ****************           -S-T-A-R-T-TestCheck1       **************** 
2024-03-13 15:41:18,639 INFO  [Log] ****************           -S-T-A-R-T-TestCheck1       **************** 
2024-03-13 15:41:18,650 INFO  [Log] I am Logging in.... 
2024-03-13 15:41:19,351 INFO  [Log] Now,I am logged in 
2024-03-13 15:41:19,897 INFO  [Log] ****************           -S-T-A-R-T-TestCheck1       **************** 
2024-03-13 15:41:19,902 INFO  [Log] I am Logging in.... 
2024-03-13 15:41:21,360 INFO  [Log] Now,I am logged in 
2024-03-13 15:41:23,548 INFO  [Log] ****************           -S-T-A-R-T-TestCheck1       **************** 
2024-03-13 15:41:28,003 INFO  [Log] ****************           -S-T-A-R-T-TestCheck1       **************** 
2024-03-13 15:59:13,583 INFO  [Log] ****************           -S-T-A-R-T-TestCheck1       **************** 
2024-03-13 15:59:13,594 INFO  [Log] I am Logging in.... 
2024-03-13 15:59:14,083 INFO  [Log] Now,I am logged in 
2024-03-13 15:59:15,980 INFO  [Log] ****************           -S-T-A-R-T-TestCheck1       **************** 
2024-03-13 15:59:15,983 INFO  [Log] I am Logging in.... 
2024-03-13 15:59:17,458 INFO  [Log] Now,I am logged in 
2024-03-13 15:59:18,303 INFO  [Log] ****************           -S-T-A-R-T-TestCheck1       **************** 
2024-03-13 15:59:23,945 INFO  [Log] ****************           -S-T-A-R-T-TestCheck1       **************** 
2024-04-12 11:24:03,547 INFO  [Log] ****************           -S-T-A-R-T-TestCheck1       **************** 
2024-04-12 11:24:03,632 INFO  [Log] I am Logging in.... 
2024-04-12 11:24:04,094 INFO  [Log] Now,I am logged in 
2024-04-12 11:24:09,635 INFO  [Log] ****************           -S-T-A-R-T-TestCheck1       **************** 
2024-04-12 11:24:16,423 INFO  [Log] ****************           -S-T-A-R-T-TestCheck1       **************** 
2024-04-12 11:24:16,426 INFO  [Log] I am Logging in.... 
2024-04-12 11:24:17,487 INFO  [Log] Now,I am logged in 
2024-04-12 11:24:23,810 INFO  [Log] ****************           -S-T-A-R-T-TestCheck1       **************** 
2024-07-09 11:11:17,338 INFO  [Log] ****************           -S-T-A-R-T-TestCheck1       **************** 
2024-07-09 11:11:17,574 INFO  [Log] I am Logging in.... 
2024-07-09 11:11:38,981 INFO  [Log] ****************           -S-T-A-R-T-TestCheck1       **************** 
2024-07-09 11:11:38,990 INFO  [Log] I am Logging in.... 
2024-07-09 11:11:44,242 INFO  [Log] ****************           -S-T-A-R-T-TestCheck1       **************** 
2024-07-09 11:11:50,094 INFO  [Log] ****************           -S-T-A-R-T-TestCheck1       **************** 
2024-07-09 11:15:03,321 INFO  [Log] ****************           -S-T-A-R-T-TestCheck1       **************** 
2024-07-09 11:15:03,462 INFO  [Log] I am Logging in.... 
2024-07-09 11:15:03,891 INFO  [Log] Now,I am logged in 
2024-07-09 11:15:06,595 INFO  [Log] ****************           -S-T-A-R-T-TestCheck1       **************** 
2024-07-09 11:15:06,603 INFO  [Log] I am Logging in.... 
2024-07-09 11:15:07,885 INFO  [Log] ****************           -S-T-A-R-T-TestCheck1       **************** 
2024-07-09 11:15:08,091 INFO  [Log] Now,I am logged in 
2024-07-09 11:15:14,178 INFO  [Log] ****************           -S-T-A-R-T-TestCheck1       **************** 
2024-07-09 11:18:23,636 INFO  [Log] ****************           -S-T-A-R-T-TestCheck1       **************** 
2024-07-09 11:18:23,651 INFO  [Log] I am Logging in.... 
2024-07-09 11:18:24,076 INFO  [Log] Now,I am logged in 
2024-07-09 11:20:44,152 INFO  [Log] ****************           -S-T-A-R-T-TestCheck1       **************** 
2024-07-09 11:20:44,174 INFO  [Log] I am Logging in.... 
2024-07-09 11:20:44,537 INFO  [Log] Now,I am logged in 
2024-07-09 11:22:38,860 INFO  [Log] ****************           -S-T-A-R-T-TestCheck1       **************** 
2024-07-09 11:23:06,216 INFO  [Log] ****************           -S-T-A-R-T-TestCheck1       **************** 
2024-07-09 11:23:06,230 INFO  [Log] I am Logging in.... 
2024-07-09 11:23:06,603 INFO  [Log] Now,I am logged in 
2024-07-09 11:23:22,973 INFO  [Log] ****************           -S-T-A-R-T-TestCheck1       **************** 
2024-07-09 11:23:23,167 INFO  [Log] I am Logging in.... 
2024-07-09 11:23:23,809 INFO  [Log] Now,I am logged in 
2024-07-09 11:23:26,030 INFO  [Log] ****************           -S-T-A-R-T-TestCheck1       **************** 
2024-07-09 11:23:26,062 INFO  [Log] I am Logging in.... 
2024-07-09 11:23:27,520 INFO  [Log] Now,I am logged in 
2024-07-09 11:23:28,973 INFO  [Log] ****************           -S-T-A-R-T-TestCheck1       **************** 
2024-07-09 11:23:34,036 INFO  [Log] ****************           -S-T-A-R-T-TestCheck1       **************** 
2024-07-09 11:25:18,666 INFO  [Log] ****************           -S-T-A-R-T-TestCheck1       **************** 
2024-07-09 11:25:18,795 INFO  [Log] I am Logging in.... 
2024-07-09 11:25:19,243 INFO  [Log] Now,I am logged in 
2024-07-09 11:25:22,420 INFO  [Log] ****************           -S-T-A-R-T-TestCheck1       **************** 
2024-07-09 11:25:22,427 INFO  [Log] I am Logging in.... 
2024-07-09 11:25:22,785 INFO  [Log] ****************           -S-T-A-R-T-TestCheck1       **************** 
2024-07-09 11:25:23,807 INFO  [Log] Now,I am logged in 
2024-07-09 11:25:30,955 INFO  [Log] ****************           -S-T-A-R-T-TestCheck1       **************** 
2024-07-09 11:26:09,824 INFO  [Log] ****************           -S-T-A-R-T-TestCheck1       **************** 
2024-07-09 11:26:09,914 INFO  [Log] I am Logging in.... 
2024-07-09 11:26:10,296 INFO  [Log] Now,I am logged in 
2024-07-09 11:26:13,476 INFO  [Log] ****************           -S-T-A-R-T-TestCheck1       **************** 
2024-07-09 11:26:13,484 INFO  [Log] I am Logging in.... 
2024-07-09 11:26:14,380 INFO  [Log] ****************           -S-T-A-R-T-TestCheck1       **************** 
2024-07-09 11:26:14,885 INFO  [Log] Now,I am logged in 
2024-07-09 11:26:21,685 INFO  [Log] ****************           -S-T-A-R-T-TestCheck1       **************** 
2024-07-09 11:28:02,767 INFO  [Log] ****************           -S-T-A-R-T-TestCheck1       **************** 
2024-07-09 11:28:02,882 INFO  [Log] I am Logging in.... 
2024-07-09 11:28:03,249 INFO  [Log] Now,I am logged in 
2024-07-09 11:28:06,131 INFO  [Log] ****************           -S-T-A-R-T-TestCheck1       **************** 
2024-07-09 11:28:06,135 INFO  [Log] I am Logging in.... 
2024-07-09 11:28:07,403 INFO  [Log] Now,I am logged in 
2024-07-09 11:28:08,089 INFO  [Log] ****************           -S-T-A-R-T-TestCheck1       **************** 
2024-07-09 11:28:13,738 INFO  [Log] ****************           -S-T-A-R-T-TestCheck1       **************** 
2024-07-09 11:28:59,262 INFO  [Log] ****************           -S-T-A-R-T-TestCheck1       **************** 
2024-07-09 11:28:59,364 INFO  [Log] I am Logging in.... 
2024-07-09 11:28:59,733 INFO  [Log] Now,I am logged in 
2024-07-09 11:29:02,712 INFO  [Log] ****************           -S-T-A-R-T-TestCheck1       **************** 
2024-07-09 11:29:02,719 INFO  [Log] I am Logging in.... 
2024-07-09 11:29:04,054 INFO  [Log] Now,I am logged in 
2024-07-09 11:29:04,675 INFO  [Log] ****************           -S-T-A-R-T-TestCheck1       **************** 
2024-07-09 11:29:10,406 INFO  [Log] ****************           -S-T-A-R-T-TestCheck1       **************** 
2024-07-09 11:29:37,699 INFO  [Log] ****************           -S-T-A-R-T-TestCheck1       **************** 
2024-07-09 11:29:37,712 INFO  [Log] I am Logging in.... 
2024-07-09 11:29:38,097 INFO  [Log] Now,I am logged in 
2024-07-09 11:29:41,632 INFO  [Log] ****************           -S-T-A-R-T-TestCheck1       **************** 
2024-07-09 11:41:27,730 INFO  [Log] ****************           -S-T-A-R-T-TestCheck1       **************** 
2024-07-09 11:41:27,848 INFO  [Log] I am Logging in.... 
2024-07-09 11:41:28,234 INFO  [Log] Now,I am logged in 
2024-07-09 11:41:31,348 INFO  [Log] ****************           -S-T-A-R-T-TestCheck1       **************** 
2024-07-09 11:41:31,356 INFO  [Log] I am Logging in.... 
2024-07-09 11:41:32,708 INFO  [Log] Now,I am logged in 
2024-07-09 11:41:33,200 INFO  [Log] ****************           -S-T-A-R-T-TestCheck1       **************** 
2024-07-09 11:41:39,992 INFO  [Log] ****************           -S-T-A-R-T-TestCheck1       **************** 
2024-07-09 11:49:31,813 INFO  [Log] ****************           -S-T-A-R-T-TestCheck1       **************** 
2024-07-09 11:49:31,828 INFO  [Log] I am Logging in.... 
2024-07-09 11:49:32,206 INFO  [Log] Now,I am logged in 
2024-07-09 11:49:49,703 INFO  [Log] ****************           -S-T-A-R-T-TestCheck1       **************** 
2024-07-09 11:49:49,816 INFO  [Log] I am Logging in.... 
2024-07-09 11:49:50,383 INFO  [Log] Now,I am logged in 
2024-07-09 11:49:52,899 INFO  [Log] ****************           -S-T-A-R-T-TestCheck1       **************** 
2024-07-09 11:49:52,904 INFO  [Log] I am Logging in.... 
2024-07-09 11:49:54,219 INFO  [Log] Now,I am logged in 
2024-07-09 11:49:55,011 INFO  [Log] ****************           -S-T-A-R-T-TestCheck1       **************** 
2024-07-09 11:50:01,599 INFO  [Log] ****************           -S-T-A-R-T-TestCheck1       **************** 
2024-07-09 17:20:01,835 INFO  [Log] ****************           -S-T-A-R-T-TestCheck1       **************** 
2024-07-09 17:20:01,978 INFO  [Log] I am Logging in.... 
2024-07-09 17:20:02,425 INFO  [Log] Now,I am logged in 
2024-07-09 17:20:05,149 INFO  [Log] ****************           -S-T-A-R-T-TestCheck1       **************** 
2024-07-09 17:20:05,155 INFO  [Log] I am Logging in.... 
2024-07-09 17:20:06,507 INFO  [Log] Now,I am logged in 
2024-07-09 17:20:07,326 INFO  [Log] ****************           -S-T-A-R-T-TestCheck1       **************** 
2024-07-09 17:20:14,116 INFO  [Log] ****************           -S-T-A-R-T-TestCheck1       **************** 
2024-07-09 17:40:51,730 INFO  [Log] ****************           -S-T-A-R-T-TestCheck1       **************** 
2024-07-09 17:40:51,837 INFO  [Log] I am Logging in.... 
2024-07-09 17:40:52,226 INFO  [Log] Now,I am logged in 
2024-07-09 17:40:55,147 INFO  [Log] ****************           -S-T-A-R-T-TestCheck1       **************** 
2024-07-09 17:40:55,156 INFO  [Log] I am Logging in.... 
2024-07-09 17:40:56,362 INFO  [Log] Now,I am logged in 
2024-07-09 17:40:57,041 INFO  [Log] ****************           -S-T-A-R-T-TestCheck1       **************** 
2024-07-09 17:41:03,763 INFO  [Log] ****************           -S-T-A-R-T-TestCheck1       **************** 
2024-07-10 11:05:31,629 INFO  [Log] ****************           -S-T-A-R-T-TestCheck1       **************** 
2024-07-10 11:05:32,877 INFO  [Log] I am Logging in.... 
2024-07-10 11:05:33,412 INFO  [Log] Now,I am logged in 
2024-07-10 11:05:34,426 INFO  [Log] ****************           -S-T-A-R-T-TestCheck1       **************** 
2024-07-10 11:05:34,429 INFO  [Log] I am Logging in.... 
2024-07-10 11:05:35,814 INFO  [Log] Now,I am logged in 
2024-07-10 11:05:38,449 INFO  [Log] ****************           -S-T-A-R-T-TestCheck1       **************** 
2024-07-10 11:05:43,694 INFO  [Log] ****************           -S-T-A-R-T-TestCheck1       **************** 
2024-07-11 14:01:26,916 INFO  [Log] ****************           -S-T-A-R-T-TestCheck1       **************** 
2024-07-11 14:01:27,038 INFO  [Log] I am Logging in.... 
2024-07-11 14:01:27,431 INFO  [Log] Now,I am logged in 
2024-07-11 14:01:29,511 INFO  [Log] ****************           -S-T-A-R-T-TestCheck1       **************** 
2024-07-11 14:01:29,517 INFO  [Log] I am Logging in.... 
2024-07-11 14:01:31,775 INFO  [Log] ****************           -S-T-A-R-T-TestCheck1       **************** 
2024-07-11 14:01:35,661 INFO  [Log] ****************           -S-T-A-R-T-TestCheck1       **************** 
2024-07-11 14:03:07,820 INFO  [Log] ****************           -S-T-A-R-T-TestCheck1       **************** 
2024-07-11 14:03:07,919 INFO  [Log] I am Logging in.... 
2024-07-11 14:03:08,357 INFO  [Log] Now,I am logged in 
2024-07-11 14:03:10,331 INFO  [Log] ****************           -S-T-A-R-T-TestCheck1       **************** 
2024-07-11 14:03:10,341 INFO  [Log] I am Logging in.... 
2024-07-11 14:03:11,498 INFO  [Log] Now,I am logged in 
2024-07-11 14:03:12,976 INFO  [Log] ****************           -S-T-A-R-T-TestCheck1       **************** 
2024-07-11 14:03:18,689 INFO  [Log] ****************           -S-T-A-R-T-TestCheck1       **************** 
2024-07-11 15:35:56,008 INFO  [Log] ****************           -S-T-A-R-T-TestCheck1       **************** 
2024-07-11 15:35:56,052 INFO  [Log] I am Logging in.... 
2024-07-11 15:35:56,205 INFO  [Log] Now,I am logged in 
2024-07-11 15:35:56,573 INFO  [Log] ****************           -S-T-A-R-T-TestCheck1       **************** 
2024-07-11 15:35:56,574 INFO  [Log] I am Logging in.... 
2024-07-11 15:35:56,854 INFO  [Log] Now,I am logged in 
2024-07-11 15:35:58,031 INFO  [Log] ****************           -S-T-A-R-T-TestCheck1       **************** 
2024-07-11 15:35:59,824 INFO  [Log] ****************           -S-T-A-R-T-TestCheck1       **************** 
2024-07-12 11:30:33,737 INFO  [Log] ****************           -S-T-A-R-T-TestCheck1       **************** 
2024-07-12 11:30:34,020 INFO  [Log] I am Logging in.... 
2024-07-12 11:30:34,449 INFO  [Log] Now,I am logged in 
2024-07-12 11:30:37,280 INFO  [Log] ****************           -S-T-A-R-T-TestCheck1       **************** 
2024-07-12 11:30:37,284 INFO  [Log] I am Logging in.... 
2024-07-12 11:30:38,556 INFO  [Log] Now,I am logged in 
2024-07-12 11:30:39,158 INFO  [Log] ****************           -S-T-A-R-T-TestCheck1       **************** 
2024-07-12 11:30:45,712 INFO  [Log] ****************           -S-T-A-R-T-TestCheck1       **************** 
2024-07-15 13:31:46,477 INFO  [Log] ****************           -S-T-A-R-T-TestCheck1       **************** 
2024-07-15 13:31:46,698 INFO  [Log] I am Logging in.... 
2024-07-15 13:31:47,093 INFO  [Log] Now,I am logged in 
2024-07-15 13:31:49,709 INFO  [Log] ****************           -S-T-A-R-T-TestCheck1       **************** 
2024-07-15 13:31:49,713 INFO  [Log] I am Logging in.... 
2024-07-15 13:31:50,974 INFO  [Log] Now,I am logged in 
2024-07-15 13:31:51,849 INFO  [Log] ****************           -S-T-A-R-T-TestCheck1       **************** 
2024-07-15 13:31:58,100 INFO  [Log] ****************           -S-T-A-R-T-TestCheck1       **************** 
2024-07-17 21:02:38,410 INFO  [Log] ****************           -S-T-A-R-T-TestCheck1       **************** 
2024-07-17 21:02:38,430 INFO  [Log] I am Logging in.... 
2024-07-17 21:02:38,845 INFO  [Log] Now,I am logged in 
2024-07-17 21:02:43,104 INFO  [Log] ****************           -S-T-A-R-T-TestCheck1       **************** 
2024-07-17 21:04:47,224 INFO  [Log] ****************           -S-T-A-R-T-TestCheck1       **************** 
2024-07-17 21:04:47,232 INFO  [Log] I am Logging in.... 
2024-07-17 21:04:47,911 INFO  [Log] Now,I am logged in 
2024-07-17 21:10:11,301 INFO  [Log] ****************           -S-T-A-R-T-TestCheck1       **************** 
2024-07-17 21:10:11,309 INFO  [Log] I am Logging in.... 
2024-07-17 21:10:11,910 INFO  [Log] Now,I am logged in 
2024-07-17 21:40:53,293 INFO  [Log] ****************           -S-T-A-R-T-TestCheck1       **************** 
2024-07-17 21:40:53,329 INFO  [Log] I am Logging in.... 
2024-07-17 21:40:53,853 INFO  [Log] Now,I am logged in 
2024-07-17 21:42:08,493 INFO  [Log] ****************           -S-T-A-R-T-TestCheck1       **************** 
2024-07-17 21:42:08,592 INFO  [Log] I am Logging in.... 
2024-07-17 21:42:08,984 INFO  [Log] Now,I am logged in 
2024-07-17 21:42:13,516 INFO  [Log] ****************           -S-T-A-R-T-TestCheck1       **************** 
2024-07-17 21:42:13,929 INFO  [Log] ****************           -S-T-A-R-T-TestCheck1       **************** 
2024-07-17 21:42:13,930 INFO  [Log] I am Logging in.... 
2024-07-17 21:42:15,057 INFO  [Log] Now,I am logged in 
2024-07-17 21:42:22,094 INFO  [Log] ****************           -S-T-A-R-T-TestCheck1       **************** 
2024-07-25 13:48:27,937 INFO  [Log] ****************           -S-T-A-R-T-TestCheck1       **************** 
2024-07-25 13:48:28,107 INFO  [Log] I am Logging in.... 
2024-07-25 13:48:28,559 INFO  [Log] Now,I am logged in 
2024-07-25 13:48:32,142 INFO  [Log] ****************           -S-T-A-R-T-TestCheck1       **************** 
2024-07-25 13:48:32,145 INFO  [Log] I am Logging in.... 
2024-07-25 13:48:33,015 INFO  [Log] ****************           -S-T-A-R-T-TestCheck1       **************** 
2024-07-25 13:48:33,438 INFO  [Log] Now,I am logged in 
2024-07-25 13:48:40,468 INFO  [Log] ****************           -S-T-A-R-T-TestCheck1       **************** 
2024-07-25 13:53:11,755 INFO  [Log] ****************           -S-T-A-R-T-TestCheck1       **************** 
2024-07-25 13:53:11,888 INFO  [Log] I am Logging in.... 
2024-07-25 13:53:12,283 INFO  [Log] Now,I am logged in 
2024-07-25 13:53:14,649 INFO  [Log] ****************           -S-T-A-R-T-TestCheck1       **************** 
2024-07-25 13:53:14,652 INFO  [Log] I am Logging in.... 
2024-07-25 13:53:15,781 INFO  [Log] Now,I am logged in 
2024-07-25 13:53:16,662 INFO  [Log] ****************           -S-T-A-R-T-TestCheck1       **************** 
2024-07-25 13:53:22,841 INFO  [Log] ****************           -S-T-A-R-T-TestCheck1       **************** 
2024-07-25 13:54:33,544 INFO  [Log] ****************           -S-T-A-R-T-TestCheck1       **************** 
2024-07-25 13:54:33,648 INFO  [Log] I am Logging in.... 
2024-07-25 13:54:34,037 INFO  [Log] Now,I am logged in 
2024-07-25 13:54:38,324 INFO  [Log] ****************           -S-T-A-R-T-TestCheck1       **************** 
2024-07-25 13:54:39,773 INFO  [Log] ****************           -S-T-A-R-T-TestCheck1       **************** 
2024-07-25 13:54:39,775 INFO  [Log] I am Logging in.... 
2024-07-25 13:54:40,907 INFO  [Log] Now,I am logged in 
2024-07-25 13:54:47,867 INFO  [Log] ****************           -S-T-A-R-T-TestCheck1       **************** 
2024-07-25 13:57:49,481 INFO  [Log] ****************           -S-T-A-R-T-TestCheck1       **************** 
2024-07-25 13:57:49,498 INFO  [Log] I am Logging in.... 
2024-07-25 13:57:49,858 INFO  [Log] Now,I am logged in 
2024-08-16 13:49:30,150 INFO  [Log] ****************           -S-T-A-R-T-TestCheck1       **************** 
2024-08-16 13:49:54,303 INFO  [Log] ****************           -S-T-A-R-T-TestCheck1       **************** 
2024-08-16 13:50:37,352 INFO  [Log] ****************           -S-T-A-R-T-TestCheck1       **************** 
2024-08-16 13:50:37,383 INFO  [Log] I am Logging in.... 
2024-08-16 13:50:37,678 INFO  [Log] Now,I am logged in 
2024-08-16 13:50:40,536 INFO  [Log] ****************           -S-T-A-R-T-TestCheck1       **************** 
2024-08-16 13:52:51,434 INFO  [Log] ****************           -S-T-A-R-T-TestCheck1       **************** 
2024-08-16 13:54:03,541 INFO  [Log] ****************           -S-T-A-R-T-TestCheck1       **************** 
2024-08-16 13:54:03,632 INFO  [Log] I am Logging in.... 
2024-08-16 13:54:04,011 INFO  [Log] Now,I am logged in 
2024-08-16 13:54:06,312 INFO  [Log] ****************           -S-T-A-R-T-TestCheck1       **************** 
2024-08-16 13:54:06,313 INFO  [Log] I am Logging in.... 
2024-08-16 13:54:09,028 INFO  [Log] ****************           -S-T-A-R-T-TestCheck1       **************** 
2024-08-16 13:54:13,178 INFO  [Log] ****************           -S-T-A-R-T-TestCheck1       **************** 
2024-08-16 13:55:58,988 INFO  [Log] ****************           -S-T-A-R-T-TestCheck1       **************** 
2024-08-16 13:55:59,077 INFO  [Log] I am Logging in.... 
2024-08-16 13:56:00,083 INFO  [Log] Now,I am logged in 
2024-08-16 13:56:19,394 INFO  [Log] ****************           -S-T-A-R-T-TestCheck1       **************** 
2024-08-16 13:57:32,861 INFO  [Log] ****************           -S-T-A-R-T-TestCheck1       **************** 
2024-08-16 13:57:32,967 INFO  [Log] I am Logging in.... 
2024-08-16 13:57:33,358 INFO  [Log] Now,I am logged in 
2024-08-16 13:57:38,409 INFO  [Log] ****************           -S-T-A-R-T-TestCheck1       **************** 
2024-08-16 13:58:00,100 INFO  [Log] ****************           -S-T-A-R-T-TestCheck1       **************** 
2024-08-16 13:58:00,114 INFO  [Log] I am Logging in.... 
2024-08-16 13:58:00,475 INFO  [Log] Now,I am logged in 
2024-08-16 13:58:16,753 INFO  [Log] ****************           -S-T-A-R-T-TestCheck1       **************** 
2024-08-16 13:58:29,780 INFO  [Log] ****************           -S-T-A-R-T-TestCheck1       **************** 
2024-08-16 13:58:29,792 INFO  [Log] I am Logging in.... 
2024-08-16 13:58:30,151 INFO  [Log] Now,I am logged in 
2024-08-16 13:58:35,070 INFO  [Log] ****************           -S-T-A-R-T-TestCheck1       **************** 
2024-08-16 13:59:13,960 INFO  [Log] ****************           -S-T-A-R-T-TestCheck1       **************** 
2024-08-16 13:59:14,041 INFO  [Log] I am Logging in.... 
2024-08-16 13:59:14,392 INFO  [Log] Now,I am logged in 
2024-08-16 13:59:19,411 INFO  [Log] ****************           -S-T-A-R-T-TestCheck1       **************** 
2024-08-16 14:00:53,274 INFO  [Log] ****************           -S-T-A-R-T-TestCheck1       **************** 
2024-08-16 14:00:53,291 INFO  [Log] I am Logging in.... 
2024-08-16 14:00:54,194 INFO  [Log] Now,I am logged in 
2024-08-16 14:01:01,984 INFO  [Log] ****************           -S-T-A-R-T-TestCheck1       **************** 
2024-08-16 14:01:41,168 INFO  [Log] ****************           -S-T-A-R-T-TestCheck1       **************** 
2024-08-16 14:01:41,271 INFO  [Log] I am Logging in.... 
2024-08-16 14:01:41,680 INFO  [Log] Now,I am logged in 
2024-08-16 14:01:44,106 INFO  [Log] ****************           -S-T-A-R-T-TestCheck1       **************** 
2024-08-16 14:01:44,109 INFO  [Log] I am Logging in.... 
2024-08-16 14:01:45,647 INFO  [Log] Now,I am logged in 
2024-08-16 14:01:46,908 INFO  [Log] ****************           -S-T-A-R-T-TestCheck1       **************** 
2024-08-16 14:01:53,555 INFO  [Log] ****************           -S-T-A-R-T-TestCheck1       **************** 
